0 info it worked if it ends with ok
1 verbose cli [ 'D:\\Programmierung\\tools\\nodejs\\\\node.exe',
1 verbose cli   'D:\\Programmierung\\tools\\nodejs\\node_modules\\npm\\bin\\npm-cli.js',
1 verbose cli   'publish' ]
2 info using npm@1.4.28
3 info using node@v0.10.35
4 verbose node symlink D:\Programmierung\tools\nodejs\\node.exe
5 verbose publish [ '.' ]
6 error Failed to parse json
6 error Unexpected token d
7 error File: D:\Programmierung\workspaces\brackets\i18next-resource-store-loader\package.json
8 error Failed to parse package.json data.
8 error package.json must be actual JSON, not just JavaScript.
8 error
8 error This is not a bug in npm.
8 error Tell the package author to fix their package.json file. JSON.parse
9 error System Windows_NT 6.2.9200
10 error command "D:\\Programmierung\\tools\\nodejs\\\\node.exe" "D:\\Programmierung\\tools\\nodejs\\node_modules\\npm\\bin\\npm-cli.js" "publish"
11 error cwd D:\Programmierung\workspaces\brackets\i18next-resource-store-loader
12 error node -v v0.10.35
13 error npm -v 1.4.28
14 error file D:\Programmierung\workspaces\brackets\i18next-resource-store-loader\package.json
15 error code EJSONPARSE
16 verbose exit [ 1, true ]
